116850
116850
1298745
1197 1085
16
bk17a 133 735 504 917
bk7 875 462 1057 560
bk21 119 917 434 1057
bk14c 770 714 889 875
bk15b 651 714 770 1050
bk15a 0 0 266 119
bk9b 560 175 679 294
bk10a 679 210 1057 329
bk19 266 119 350 238
bk13 1057 0 1197 497
bk1 315 602 651 735
bk12 1057 497 1197 903
bk20 0 119 182 469
bk8b 182 238 560 364
bk5b 889 0 1022 175
bk17b 952 903 1155 1085
bk11 560 0 679 175
bk5c 504 735 637 966
bk4 0 469 560 602
bk3 560 462 875 595
bk10b 889 714 1029 875
bk5a 875 329 1015 462
bk6 0 602 133 917
bk14b 266 0 560 119
bk9a 133 602 315 721
bk2 560 329 854 462
bk16 434 119 560 238
bk9d 350 119 434 238
bk18 770 875 952 1078
bk8a 679 0 889 210
bk10c 0 917 119 966
bk14a 434 966 630 1085
bk9c 651 595 1008 714
