19979162
1450204
38508120
5180 7434
50
M001 0 0 1708 3234
M040 1708 0 2100 868
M004 2100 0 5180 1610
M003 0 3234 2184 4242
M043 2184 3780 3094 4312
M006 0 4242 1862 5124
M008 1862 4312 3108 4956
M045 3108 2394 3780 3556
M018 2100 1610 3178 2002
M048 4340 4620 5068 5922
M023 4522 2996 5012 4130
M017 0 5124 392 5880
M042 392 5124 770 5292
M012 2184 3374 2982 3780
M010 3556 4536 3850 5152
M019 2338 5208 3164 5600
M013 2072 4956 2338 5628
M021 3164 4536 3556 5362
M030 770 5124 2072 5852
M049 3780 1960 4522 2352
M038 3850 4270 4298 5236
M034 0 5880 1148 6440
M037 1148 5852 2366 6412
M041 2772 5600 3136 6454
M016 1708 1918 2030 2716
M046 3136 5600 4340 6104
M027 994 6958 1834 7322
M036 2100 2002 3094 2450
M029 0 6440 994 6930
M028 994 6440 2058 6958
M047 3948 6482 4382 7294
M007 4298 4270 5166 4620
M033 2058 6482 3948 7434
M035 0 6930 854 7322
M025 2030 2450 2352 3234
M011 3136 6104 3962 6482
M032 3178 1610 3556 2394
M044 4382 5922 5012 7224
M009 3108 3556 3570 4536
M002 3780 2352 4452 3906
M020 2338 4956 3136 5208
M005 4522 1610 5054 2996
M031 1708 868 2100 1918
M024 2758 2450 3024 3248
M026 3556 1610 4284 1960
M014 2352 2450 2758 3374
M039 3556 5236 4340 5600
M015 2366 5600 2772 6440
M022 3570 3906 4522 4270
