20680205
0
41360410
9815 4214
9
b291 0 0 218 648
b50 218 0 390 457
b305 390 0 603 661
b4 603 0 757 613
b17 757 0 1125 213
b203 1125 0 1351 695
b227 1896 3830 2108 4125
b8 1351 0 1818 168
b21 1818 0 2040 494
b122 2040 0 2380 324
b11 2380 0 2515 464
b12 2515 0 2914 314
b13 2914 0 3152 595
b5 3152 0 3564 382
b170 3564 0 3782 434
b16 3782 0 4099 445
b72 4099 0 4305 381
b7 4305 0 4563 549
b19 4563 0 4770 679
b24 4770 0 4928 591
b271 5091 0 5294 619
b237 5294 0 5639 455
b23 5639 0 6154 152
b292 4928 0 5091 386
b25 6154 0 6409 368
b149 6409 0 6575 469
b279 6575 0 6701 372
b235 6701 0 6854 409
b35 6854 0 7067 591
b216 7067 0 7329 600
b31 7329 0 7856 149
b86 7856 0 8023 280
b6 8023 0 8275 434
b261 8275 0 8520 449
b230 8520 0 8684 380
b94 7295 2838 7489 3161
b253 8684 0 9018 423
b140 9018 0 9216 712
b39 9216 0 9367 520
b255 9367 0 9632 414
b41 9632 268 9815 870
b42 0 648 256 1260
b43 256 661 665 929
b44 665 613 929 851
b45 929 695 1408 925
b185 1408 168 1602 817
b47 1602 494 2106 650
b118 2106 464 2530 797
b250 2530 314 2674 750
b272 2674 314 2845 957
b51 2845 595 3154 1053
b52 3154 382 3359 766
b30 3359 382 3520 771
b182 3520 445 3824 962
b55 4005 549 4440 729
b137 4440 679 4700 1102
b57 4700 679 5391 884
b58 5391 455 5707 901
b59 5707 152 5926 652
b121 5926 152 6097 612
b134 6097 368 6274 1073
b82 6274 469 6474 782
b79 6474 469 6664 1208
b64 6664 591 6864 1063
b290 6864 591 7032 966
b173 7032 600 7340 1009
b67 8510 449 8794 947
b62 7340 149 7570 697
b69 7570 149 7746 596
b143 7746 434 8048 694
b65 8048 434 8223 974
b95 8223 449 8510 833
b269 8794 423 8926 776
b139 5291 1303 5666 1428
b33 8926 712 9146 1070
b76 9146 712 9280 1182
b70 9280 520 9587 981
b78 0 1260 308 1669
b103 308 929 462 1437
b80 462 929 1044 1198
b81 1044 925 1177 1393
b68 1177 925 1428 1361
b83 1955 797 2160 1565
b89 1428 817 1560 1291
b84 1560 817 1737 1437
b32 1737 650 1955 1371
b87 2160 797 2376 1234
b88 2376 797 2497 1185
b53 2497 957 2690 1281
b154 2690 1053 2984 1426
b28 2984 1053 3127 1380
b96 3357 3804 3519 4094
b281 3127 1053 3424 1422
b36 3424 962 3645 1457
b105 3645 1052 3922 1449
b101 3922 1303 4499 1521
b184 4701 884 4970 1293
b98 4970 884 5291 1080
b99 5291 901 5408 1303
b100 5446 3832 5798 4010
b195 5408 901 5638 1174
b102 5638 901 5756 1301
b63 5756 652 5967 1396
b104 5967 1073 6256 1399
b284 6256 1073 6441 1583
b106 6441 1208 6802 1643
b107 6802 1063 7185 1474
b280 7185 1009 7427 1528
b302 7427 697 7645 1347
b110 7645 1276 8203 1445
b111 9632 0 9807 268
b167 8203 1276 8540 1696
b252 8540 947 8832 1162
b297 8832 1070 9093 1670
b66 9093 1182 9375 1682
b77 9375 981 9535 1567
b117 9535 981 9786 1606
b312 0 1669 481 1897
b123 481 1198 850 1624
b119 850 1198 1025 1734
b60 1025 1393 1197 1850
b136 1197 1361 1441 1747
b120 1441 1437 1599 1835
b124 1599 1437 1847 1880
b141 1847 1565 1998 2082
b174 1998 1565 2226 2183
b214 2226 1234 2454 1853
b128 2454 1426 3044 1639
b129 3044 1422 3256 2015
b130 3256 1457 3783 1695
b208 3783 1521 3984 1913
b132 3984 1521 4137 2132
b133 4137 1521 4305 2082
b61 4305 1521 4485 2220
b135 4485 1876 4752 2053
b10 5546 1428 5866 1625
b56 4752 1293 5011 1779
b313 5011 1080 5194 1591
b74 5194 1735 5546 2181
b38 5866 1399 6076 2070
b29 6076 1583 6312 2115
b142 6312 1643 6809 1958
b236 6809 1474 7074 1888
b168 4173 2740 4537 2868
b257 7074 1528 7367 1742
b215 7367 1528 7735 1742
b293 7735 1445 7912 1975
b217 7912 1445 8122 2041
b26 8122 1696 8261 2148
b246 8832 1670 8977 2209
b232 8261 1696 8657 2013
b152 8005 2638 8168 2924
b54 9484 2876 9672 3125
b90 8657 2209 9127 2477
b97 9127 1919 9584 2193
b156 0 1897 382 2267
b162 382 1943 602 2372
b158 602 1943 1376 2146
b159 1376 1880 1650 2282
b267 1650 2082 1985 2456
b183 1985 2183 2177 2590
b157 2177 2183 2380 2492
b163 2380 1853 2592 2517
b277 2592 1639 2764 2275
b165 2764 1639 2959 2281
b166 2959 2015 3087 2501
b187 3087 2015 3462 2392
b73 3462 1695 3593 2174
b169 3593 1695 3779 2371
b15 3779 1913 3952 2548
b244 3952 2132 4117 2417
b172 4117 2220 4327 2740
b273 4327 2220 4604 2730
b114 4604 2053 4868 2647
b298 4868 1779 5086 2357
b176 5086 2181 5305 2613
b186 5305 2181 5561 2488
b178 5561 1625 5712 2146
b226 5712 2070 5996 2624
b180 5996 2237 6457 2442
b181 6457 1958 6664 2561
b115 6664 1958 6951 2395
b125 6951 1888 7179 2439
b109 7179 1742 7350 2386
b211 7350 1975 7855 2223
b177 7855 2148 8305 2286
b112 8305 2013 8612 2475
b179 4005 729 4279 1303
b268 8855 2638 9076 2992
b75 9093 1682 9691 1919
b145 8720 2992 9179 3198
b192 5798 3925 6163 4054
b193 5194 1428 5348 1735
b194 0 2267 171 2909
b256 171 2372 465 2798
b198 465 2372 707 2695
b197 707 2146 968 2688
b196 968 2146 1323 2367
b92 1580 2456 1764 3053
b200 1764 2590 2210 2907
b218 6309 2561 6709 2954
b202 2210 2517 2449 3107
b148 2449 2517 2665 3172
b204 2665 2281 2862 2760
b205 2862 2501 3143 2949
b49 3143 2392 3288 2824
b207 3288 2392 3767 2523
b131 3767 2548 3983 3203
b209 3983 2740 4173 3318
b210 4173 2868 4530 3000
b147 1323 2282 1580 2769
b258 4530 2868 4696 3432
b188 4696 2647 4932 3179
b127 4932 2613 5161 3231
b219 8568 2477 8855 2751
b46 5161 2613 5386 3240
b241 5386 2488 5587 3114
b201 5587 2624 5811 3184
b146 5811 2624 6176 2796
b220 6176 2442 6309 2910
b221 6076 2115 6457 2237
b222 6709 2439 7003 2866
b223 7003 2600 7295 3139
b224 7295 2600 7690 2838
b225 7690 2286 8005 2736
b189 8005 2286 8272 2638
b18 4499 1102 4701 1876
b144 8272 2475 8568 2846
b229 8855 2477 9342 2638
b191 9342 2193 9799 2330
b259 6709 2866 6877 3423
b270 481 1734 1008 1943
b233 0 2909 349 3134
b234 349 2798 469 3188
b91 469 2695 604 3043
b116 604 2695 788 3122
b22 788 2688 945 3088
b238 945 2769 1416 3102
b239 1416 2769 1543 3136
b85 1543 3053 1716 3325
b1 1716 3053 1926 3573
b242 1926 2907 2203 3475
b243 2203 3107 2388 3447
b171 2388 3172 2554 3548
b245 2554 3172 2872 3418
b20 2872 2949 3014 3279
b138 3014 2949 3219 3406
b248 3219 2824 3445 3242
b213 3445 2523 3707 3123
b206 3707 3203 3926 3775
b251 3926 3318 4186 3498
b113 4186 3000 4411 3628
b93 4411 3432 4697 3871
b314 4697 3231 4942 3870
b150 4942 3240 5174 3780
b316 5174 3240 5408 3777
b175 5408 3184 5625 3832
b9 5625 3184 5798 3637
b164 5798 3184 5943 3614
b260 5943 2910 6195 3531
b34 6195 2954 6454 3499
b262 6454 2954 6649 3516
b274 6649 3423 7245 3686
b264 7245 3161 7491 3481
b228 7491 2838 7690 3392
b266 3824 445 4005 1052
b160 7690 3148 8020 3433
b247 8020 3148 8168 3465
b265 8168 3091 8278 3517
b151 8278 3091 8524 3602
b40 8272 2846 8720 3091
b263 8524 3198 8763 3723
b153 8763 3198 9014 3824
b254 9014 3198 9263 3639
b310 9263 2638 9484 3066
b276 9484 2330 9660 2775
b306 9660 2330 9803 2876
b278 0 3134 183 3478
b155 183 3188 360 3720
b108 360 3188 506 3726
b27 506 3122 826 3514
b282 826 3412 1244 3788
b295 1244 3136 1495 3761
b14 945 3102 1097 3412
b288 1495 3573 1722 4127
b286 1722 3573 1896 4025
b287 1896 3573 2262 3830
b285 2262 3548 2509 4122
b289 2509 3548 2744 4213
b71 2744 3418 2988 3675
b231 2988 3406 3193 4170
b212 3193 3406 3357 3885
b2 3357 3242 3524 3804
b294 3524 3775 3918 4054
b126 3918 3871 4454 4075
b296 4454 3871 4808 4181
b283 4808 3870 5130 4114
b37 5130 3780 5245 4187
b299 5245 3832 5446 4143
b300 5798 3614 5949 3925
b301 5949 3531 6242 3799
b308 6242 3516 6464 4153
b303 6464 3686 6755 4171
b304 6755 3686 7470 3906
b199 7470 3481 7680 4151
b275 7680 3433 7839 3727
b307 7839 3465 8066 4154
b3 8048 974 8256 1276
b309 8066 3517 8246 4126
b190 8246 3723 8537 4208
b311 8537 3824 8941 4214
b48 7690 2924 8108 3148
b161 8941 3824 9604 4037
b240 9604 3125 9783 3739
b315 0 3726 596 3990
b249 596 3788 1159 3956
b317 7179 2386 7472 2600
