723418
132068
1314768
1204 1092
43
bk20 0 301 182 651
bk9c 413 945 770 1064
bk5c 322 560 553 693
bk4 203 693 763 826
bk10a 455 133 833 252
bk17b 0 0 203 182
bk15a 203 0 322 266
bk9a 868 560 1050 679
bk5a 714 378 847 518
bk10c 203 826 322 875
bk3 833 182 1148 315
bk6 322 0 455 315
bk18 0 651 182 854
bk16 868 434 987 560
bk8b 455 252 833 378
bk14c 553 378 714 497
bk14b 847 315 1141 434
bk10b 0 854 161 994
bk9d 784 973 868 1092
bk13 1057 434 1197 931
bk7 455 378 553 560
bk21 553 518 868 658
bk9b 84 182 203 301
bk19 0 182 84 301
bk8a 203 875 413 1085
bk11 609 826 784 945
bk14a 413 826 609 945
bk2 784 679 917 973
bk15b 203 266 322 602
bk17a 833 0 1204 182
bk5b 322 315 455 490
bk1 455 0 791 133
bk12 917 679 1057 1085
