39446020
1651083
39827788
5278 7546
22
M001 0 0 3234 1708
M002 3234 0 3906 1554
M003 4270 0 5278 2184
M004 0 1708 3080 3318
M033 3080 2632 4970 3584
M028 0 3318 1064 3836
M006 1064 3318 2926 4200
M027 2926 3850 3766 4214
M020 3906 784 4158 1582
M009 1694 5362 2674 5824
M038 3234 1582 4200 2030
M015 0 3836 840 4242
M008 3766 3584 5012 4228
M046 2492 4214 3696 4718
M026 3318 5110 4046 5460
M019 3318 4718 4144 5110
M043 2674 5460 3584 5992
M021 840 4200 1666 4592
M011 1666 4200 2492 4578
M017 4284 5908 4676 6664
M049 3234 2030 3976 2422
M023 0 4592 1134 5082
M041 1134 4592 1988 4956
M013 3248 6888 3920 7154
M032 1988 4578 2366 5362
M039 3906 0 4270 784
M036 4200 2184 5194 2632
M016 4284 5110 4606 5908
M035 0 5082 392 5936
M010 3584 5460 3878 6076
M022 2366 4718 3318 5082
M030 392 5082 1694 5810
M012 3878 5460 4284 6258
M034 0 5936 560 7084
M005 560 5824 1946 6356
M025 3920 6258 4242 7042
M047 3248 6076 3682 6888
M044 1946 5992 3248 6622
M031 4144 4228 5194 4620
M037 4690 6034 5250 7252
M029 4144 4620 5138 5110
M042 0 7084 378 7252
M007 378 7084 1246 7434
M045 1246 6356 1918 7518
M040 4298 6664 4690 7532
M018 3220 7154 4298 7546
M048 1918 6622 3220 7350
M014 4690 5110 5096 6034
M024 2926 3584 3724 3850
