31463040
0
39328800
9364 4200
76
b196 0 0 355 221
b108 355 0 501 538
b291 3259 0 3477 648
b37 501 0 616 407
b22 616 0 773 400
b5 773 0 1155 412
b93 1155 0 1441 439
b45 1441 0 1920 230
b204 1920 0 2117 479
b121 2117 0 2288 460
b222 2288 0 2582 427
b298 2582 0 2800 578
b224 2800 0 3038 395
b310 3038 0 3259 428
b63 8322 0 8533 744
b218 3477 0 3870 400
b17 3870 0 4083 368
b185 4083 0 4277 649
b287 4277 0 4534 366
b87 4534 0 4750 437
b110 4750 0 4919 558
b208 871 3477 1072 3869
b107 4919 0 5302 411
b154 5460 0 5833 294
b120 5302 0 5460 398
b206 5833 0 6052 572
b129 6052 0 6264 593
b306 6264 0 6407 546
b24 7111 2337 7702 2495
b172 6655 0 6865 520
b103 8939 3142 9093 3650
b19 6865 335 7544 542
b68 7544 0 7795 436
b314 8678 0 8923 639
b254 1213 2669 1462 3110
b312 8936 2301 9164 2782
b9 8923 0 9096 453
b187 8936 1517 9313 1892
b31 7795 205 8322 354
b252 8159 3646 8374 3938
b18 9093 2782 9295 3556
b77 0 221 160 807
b43 826 634 1235 902
b33 160 538 380 896
b74 380 634 826 986
b265 1235 439 1345 865
b47 1345 682 1849 838
b145 2141 460 2347 919
b166 1849 479 1977 965
b212 1977 479 2141 958
b51 2347 578 2805 887
b36 2805 395 3026 890
b191 3026 428 3163 885
b146 3163 648 3528 820
b54 3528 400 3716 649
b163 3716 400 3928 1064
b57 3928 649 4619 854
b200 4619 558 5065 875
b104 5065 411 5354 737
b227 5354 398 5649 610
b301 5649 572 5942 840
b316 5942 593 6479 827
b261 3474 1697 3719 2146
b62 6479 542 7027 772
b153 7516 542 7767 1168
b1 7027 542 7237 1062
b294 7237 542 7516 936
b223 7767 436 8059 975
b161 8059 354 8272 1017
b116 8560 2803 8987 2987
b30 8272 744 8661 905
b251 7767 975 7947 1235
b210 8203 2872 8560 3004
b198 8661 864 8903 1187
b171 8903 864 9069 1240
b229 5609 1555 6096 1716
b246 5159 3379 5304 3918
b46 0 896 225 1523
b60 225 986 397 1443
b255 397 986 662 1400
b239 662 986 789 1353
b281 789 986 1086 1355
b307 1086 902 1313 1591
b59 1313 865 1532 1365
b134 1532 838 1709 1543
b199 1709 965 1919 1635
b177 8537 3004 8987 3142
b65 1919 965 2094 1505
b190 2094 958 2385 1443
b183 2385 887 2577 1294
b264 2577 1340 2897 1586
b179 3077 885 3351 1459
b280 3351 917 3593 1436
b61 2897 890 3077 1589
b245 3593 1064 3839 1382
b86 3839 1064 4006 1344
b12 4006 854 4405 1168
b53 4405 854 4598 1178
b300 4598 875 4749 1186
b91 4749 875 5097 1010
b141 5097 737 5248 1254
b119 5248 737 5423 1273
b38 5423 610 5633 1281
b144 5633 840 5929 1211
b253 5929 840 6263 1263
b90 6263 827 6531 1297
b117 4837 3930 5462 4181
b101 5027 1281 5604 1499
b20 1455 3597 1785 3739
b26 8800 3142 8939 3594
b27 6531 772 6923 1092
b50 6923 1062 7095 1519
b315 7357 1168 7621 1764
b230 6059 3292 6439 3456
b23 1722 4029 2237 4181
b188 7621 1381 8153 1617
b293 8153 1017 8330 1547
b118 0 1523 424 1856
b277 424 1400 596 2036
b79 596 1400 786 2139
b235 786 1355 939 1764
b122 939 1591 1263 1931
b123 1263 1591 1689 1960
b178 1689 1635 1840 2156
b302 1840 1635 2058 2285
b271 2319 1443 2522 2062
b197 2058 1505 2319 2047
b128 2522 1589 3112 1802
b290 3112 1459 3280 1834
b130 3280 1459 3807 1697
b131 3807 1382 4023 2037
b73 4191 1168 4322 1647
b249 4023 1168 4191 1731
b244 4322 1345 4487 1630
b299 4487 1345 4798 1546
b127 4798 1010 5027 1628
b52 5027 1499 5232 1883
b269 6474 1297 6606 1650
b152 5232 1499 5395 1785
b215 5395 1499 5609 1867
b209 7635 1617 7825 2195
b159 5609 1281 6011 1555
b71 6011 1263 6255 1520
b176 6255 1297 6474 1729
b32 6606 1092 6824 1813
b192 6824 1662 7189 1791
b58 7189 1764 7635 2080
b82 7825 2014 8025 2327
b258 8025 2014 8191 2578
b48 4798 1628 5022 2046
b303 8191 1718 8482 2203
b203 8482 1718 8708 2413
b174 8708 1718 8936 2336
b236 5673 3661 6087 3926
b286 1566 230 1740 682
b21 0 1856 222 2350
b175 222 2036 439 2684
b158 439 2139 1213 2342
b155 1213 2137 1390 2669
b25 1390 2137 1645 2505
b259 1645 2156 1813 2713
b169 1813 2285 1999 2961
b240 4188 1731 4367 2345
b156 2200 2062 2582 2432
b241 1999 2285 2200 2911
b181 2582 1802 2789 2405
b102 2789 1802 2907 2202
b106 2907 1834 3268 2269
b72 3268 1834 3474 2215
b170 3474 2146 3692 2580
b279 3692 2146 3818 2518
b124 3818 2037 4066 2480
b262 4367 1630 4562 2192
b228 4562 1546 4761 2100
b221 4066 1731 4188 2112
b44 5017 2046 5281 2284
b186 4761 2046 5017 2353
b266 5281 1867 5462 2474
b165 5462 1867 5657 2509
b216 5657 1716 5919 2316
b162 5919 1716 6139 2145
b217 6139 1729 6349 2325
b42 6349 1729 6605 2341
b78 6605 1813 6913 2222
b140 6913 1791 7111 2503
b207 2907 2269 3386 2400
b238 3404 2714 3737 3185
b7 6349 2341 6898 2599
b138 7795 0 8252 205
b257 7702 2327 7995 2541
b137 4577 3774 4837 4197
b147 7111 2080 7598 2337
b272 8153 1547 8796 1718
b284 0 2350 185 2860
b195 185 2684 458 2914
b41 458 2342 641 2944
b202 641 2342 880 2932
b201 880 2342 1104 2902
b184 1104 3110 1373 3519
b55 1373 3110 1808 3290
b115 1808 2961 2245 3248
b75 2245 2432 2482 3030
b148 2482 2432 2698 3087
b67 2698 2405 2982 2903
b288 2982 2400 3209 2954
b15 3209 2400 3382 3035
b76 3382 2580 3852 2714
b39 3852 2480 4003 3000
b35 4003 2480 4216 3071
b234 4216 2345 4336 2735
b273 4336 2345 4613 2855
b149 4613 2353 4779 2822
b313 4779 2353 4962 2864
b282 4962 2474 5338 2892
b289 5338 2509 5573 3174
b242 8796 1240 9364 1517
b295 5573 2509 5824 3134
b8 6272 2599 6739 2767
b150 8330 905 8562 1445
b205 5824 2325 6272 2606
b226 6739 2599 7293 2883
b173 8936 1892 9244 2301
b81 5540 3661 5673 4129
b268 7610 2541 7831 2895
b168 7947 1017 8075 1381
b64 8257 2203 8457 2675
b267 6865 0 7239 335
b247 1462 2505 1610 2822
b135 7468 2940 7645 3207
b256 7831 2578 8257 2872
b182 8800 3650 9104 4167
b213 7095 1062 7357 1662
b233 0 2914 349 3139
b100 349 2944 527 3296
b95 527 2944 814 3328
b34 814 2932 1073 3477
b237 1073 3519 1418 3974
b112 1418 3290 1880 3597
b89 1997 3248 2129 3722
b99 1880 3248 1997 3650
b11 2129 3248 2264 3712
b164 2264 3030 2409 3460
b278 2409 3087 2592 3431
b250 2592 3087 2736 3523
b3 2736 2954 3038 3162
b96 3038 2954 3200 3244
b126 3200 3035 3404 3571
b248 3404 3185 3630 3603
b193 3630 3185 3784 3492
b109 3784 3000 3955 3644
b69 3955 3071 4131 3518
b142 4131 3071 4446 3568
b297 4630 2864 4891 3464
b180 4891 3174 5352 3379
b317 5352 3174 5645 3388
b270 5645 3134 5854 3661
b83 5854 2606 6059 3374
b132 6059 2606 6212 3217
b157 6212 2767 6415 3076
b263 6415 2767 6654 3292
b143 9096 0 9356 302
b92 4446 2855 4630 3452
b308 501 412 1138 634
b260 6654 2883 6906 3504
b136 6906 2883 7292 3127
b276 7292 2940 7468 3385
b232 6280 3804 6597 4200
b139 1441 230 1566 605
b160 7873 2872 8203 3157
b194 8203 3004 8374 3646
b214 7645 2895 7873 3514
b292 8374 3004 8537 3390
b275 4405 1186 4699 1345
b274 8537 3142 8800 3738
b225 2577 890 2892 1340
b111 3528 649 3703 917
b49 8533 0 8678 432
b309 0 3139 180 3748
b133 180 3139 348 3700
b114 348 3522 612 4116
b56 612 3522 871 4008
b98 871 3869 1067 4190
b88 1067 3974 1455 4095
b28 1722 3739 2049 3882
b70 2049 3722 2510 4029
b189 1455 3739 1722 4091
b6 2510 3523 2762 3957
b40 2762 3162 3007 3610
b14 3007 3244 3159 3554
b283 3159 3571 3403 3893
b285 3403 3603 3650 4177
b243 3650 3644 3835 3984
b220 3835 3644 3968 4112
b85 3968 3568 4141 3840
b80 4308 3568 4577 4150
b296 4577 3464 4931 3774
b125 4931 3379 5159 3930
b2 4141 3568 4308 4130
b84 939 1960 1559 2137
b97 6906 3127 7180 3584
b29 5304 3388 5540 3920
b10 5673 3926 5993 4123
b219 5993 3926 6280 4200
b304 6280 3584 6995 3804
b66 6995 3584 7495 3866
b151 7495 3514 7741 4025
b211 6407 0 6655 505
b305 7741 3514 7954 4175
b105 7825 1617 8102 2014
b13 2510 3957 3105 4195
b113 8678 639 9306 864
b231 7954 3157 8159 3921
b311 8482 2413 8886 2803
b4 8159 3938 8772 4092
b167 0 3748 337 4168
b94 348 3328 671 3522
b16 7293 2495 7610 2940
